2026-06-26 21:13:42 - <<<开始连接服务器检查更新>>>
2026-06-26 21:13:42 - 普通连接成功
2026-06-26 21:13:43 - 检查更新完成
2026-06-26 21:13:43 - <<<开始连接服务器检查更新>>>
2026-06-26 21:13:44 - 普通连接成功
2026-06-26 21:14:12 - <<<开始连接服务器检查更新>>>
2026-06-26 21:14:12 - 普通连接成功
2026-06-26 21:14:12 - 检查更新完成
2026-06-26 21:14:12 - <<<开始连接服务器检查更新>>>
2026-06-26 21:14:12 - 普通连接成功
2026-06-26 21:14:18 - <<<开始连接服务器检查更新>>>
2026-06-26 21:14:18 - 普通连接成功
2026-06-26 21:14:18 - 检查更新完成
2026-06-26 21:14:36 - <<<开始连接服务器检查更新>>>
2026-06-26 21:14:37 - 普通连接成功
2026-06-26 21:14:37 - 检查更新完成
2026-06-26 21:15:47 - 解析 .mo 文件头失败: [Errno 2] No such file or directory: 'D:\\Blender\\stable\\blender\\portable\\datafiles\\locale\\zh_HANS\\LC_MESSAGES\\blender.mo'
2026-06-26 21:15:50 - <<<开始连接服务器检查更新>>>
2026-06-26 21:15:51 - 普通连接成功
2026-06-26 21:15:51 - 检查更新完成
2026-06-26 21:16:12 - <<<开始连接服务器检查更新>>>
2026-06-26 21:16:12 - 普通连接成功
2026-06-26 21:16:41 - <<<开始连接服务器检查更新>>>
2026-06-26 21:16:41 - 普通连接成功
2026-06-26 21:16:41 - 检查更新完成
2026-06-26 21:16:41 - <<<开始连接服务器检查更新>>>
2026-06-26 21:16:41 - 普通连接成功
2026-06-26 21:16:48 - <<<开始连接服务器检查更新>>>
2026-06-26 21:16:48 - 普通连接成功
2026-06-26 21:16:48 - 检查更新完成
2026-06-26 21:17:04 - <<<开始连接服务器检查更新>>>
2026-06-26 21:17:05 - 普通连接成功
2026-06-26 21:17:05 - 检查更新完成
2026-06-26 21:20:13 - <<<开始连接服务器检查更新>>>
2026-06-26 21:20:14 - 普通连接成功
2026-06-26 21:20:14 - 检查更新完成
2026-06-26 21:21:09 - <<<开始连接服务器检查更新>>>
2026-06-26 21:21:09 - 普通连接成功
2026-06-26 21:21:10 - 检查更新完成
2026-06-26 21:23:34 - <<<开始连接服务器检查更新>>>
2026-06-26 21:23:35 - 普通连接成功
2026-06-26 21:23:35 - 检查更新完成
2026-06-26 21:28:50 - <<<开始连接服务器检查更新>>>
2026-06-26 21:28:51 - 普通连接成功
2026-06-26 21:28:51 - 检查更新完成
2026-06-26 21:34:24 - <<<开始连接服务器检查更新>>>
2026-06-26 21:34:24 - 普通连接成功
2026-06-26 21:34:25 - 检查更新完成
2026-06-26 21:35:24 - 双语汉化模式
2026-06-26 21:35:24 - <<<插件列表汉化任务开始>>>
2026-06-26 21:35:24 - 双语插件列表汉化, 数量: 8
2026-06-26 21:35:24 - 成功匹配模式 1
2026-06-26 21:35:24 - 成功匹配模式 2
2026-06-26 21:35:24 - 成功匹配模式 3
2026-06-26 21:35:24 - 成功匹配模式 4
2026-06-26 21:35:24 - 成功匹配模式 5
2026-06-26 21:35:24 - 成功匹配模式 6
2026-06-26 21:35:24 - 成功匹配模式 7
2026-06-26 21:35:24 - 成功匹配模式 8
2026-06-26 21:35:24 - 备份原文件完成
2026-06-26 21:35:24 - 写入任务完成
2026-06-26 21:35:24 - 模块重载入完成
2026-06-26 21:35:24 - 插件列表汉化任务完成
2026-06-26 21:35:25 - 单语汉化列表
2026-06-26 21:35:25 - <<<插件列表汉化任务开始>>>
2026-06-26 21:35:25 - 单语插件列表汉化, 数量: 6
2026-06-26 21:35:25 - 成功匹配模式 1
2026-06-26 21:35:25 - 成功匹配模式 2
2026-06-26 21:35:25 - 成功匹配模式 3
2026-06-26 21:35:25 - 成功匹配模式 4
2026-06-26 21:35:25 - 成功匹配模式 5
2026-06-26 21:35:25 - 成功匹配模式 6
2026-06-26 21:35:25 - 备份原文件完成
2026-06-26 21:35:25 - 写入任务完成
2026-06-26 21:35:25 - 模块重载入完成
2026-06-26 21:35:25 - 插件列表汉化任务完成
2026-06-26 21:39:49 - <<<开始连接服务器检查更新>>>
2026-06-26 21:39:49 - 普通连接成功
2026-06-26 21:39:49 - 检查更新完成
2026-06-26 21:49:37 - <<<开始连接服务器检查更新>>>
2026-06-26 21:49:37 - 普通连接成功
2026-06-26 21:49:37 - 检查更新完成
2026-06-26 21:50:03 - <<<开始连接服务器检查更新>>>
2026-06-26 21:50:04 - 普通连接成功
2026-06-26 21:50:04 - 检查更新完成
2026-06-26 21:53:09 - <<<开始连接服务器检查更新>>>
2026-06-26 21:53:10 - 普通连接成功
2026-06-26 21:53:10 - 检查更新完成
2026-06-26 21:54:22 - <<<开始连接服务器检查更新>>>
2026-06-26 21:54:22 - 普通连接成功
2026-06-26 21:54:22 - 检查更新完成
2026-06-26 21:56:26 - <<<开始连接服务器检查更新>>>
2026-06-26 21:56:26 - 普通连接成功
2026-06-26 21:56:26 - 检查更新完成
2026-06-26 21:56:56 - <<<开始连接服务器检查更新>>>
2026-06-26 21:56:56 - 普通连接成功
2026-06-26 21:56:56 - 检查更新完成
2026-06-26 22:21:03 - <<<开始连接服务器检查更新>>>
2026-06-26 22:21:03 - 普通连接成功
2026-06-26 22:21:03 - 检查更新完成
2026-06-26 22:21:42 - <<<开始连接服务器检查更新>>>
2026-06-26 22:21:42 - 普通连接成功
2026-06-26 22:21:42 - 检查更新完成
2026-06-26 22:23:20 - <<<开始连接服务器检查更新>>>
2026-06-26 22:23:20 - 普通连接成功
2026-06-26 22:23:20 - 检查更新完成
2026-06-26 22:54:38 - <<<开始连接服务器检查更新>>>
2026-06-26 22:54:38 - 普通连接成功
2026-06-26 22:54:38 - 检查更新完成
2026-06-26 23:54:10 - <<<开始连接服务器检查更新>>>
2026-06-26 23:54:11 - 普通连接成功
2026-06-26 23:54:11 - 检查更新完成
2026-06-26 23:56:01 - <<<开始连接服务器检查更新>>>
2026-06-26 23:56:01 - 普通连接成功
2026-06-26 23:56:02 - 检查更新完成
2026-06-27 00:16:41 - <<<开始连接服务器检查更新>>>
2026-06-27 00:16:41 - 普通连接成功
2026-06-27 00:16:41 - 检查更新完成
2026-06-27 00:23:16 - <<<开始连接服务器检查更新>>>
2026-06-27 00:23:17 - 普通连接成功
2026-06-27 00:23:17 - 检查更新完成
2026-06-27 00:41:55 - <<<开始连接服务器检查更新>>>
2026-06-27 00:41:55 - 普通连接成功
2026-06-27 00:41:55 - 检查更新完成
2026-06-27 10:57:15 - <<<开始连接服务器检查更新>>>
2026-06-27 10:57:16 - 普通连接成功
2026-06-27 10:57:16 - 检查更新完成
2026-06-27 12:57:01 - <<<开始连接服务器检查更新>>>
2026-06-27 12:57:01 - 普通连接成功
2026-06-27 12:57:01 - 检查更新完成
2026-06-27 13:24:04 - <<<开始连接服务器检查更新>>>
2026-06-27 13:24:05 - 普通连接成功
2026-06-27 13:24:05 - 检查更新完成
2026-06-27 13:48:24 - <<<开始连接服务器检查更新>>>
2026-06-27 13:48:24 - 普通连接成功
2026-06-27 13:48:24 - 检查更新完成
2026-06-27 14:07:02 - <<<开始连接服务器检查更新>>>
2026-06-27 14:07:02 - 普通连接成功
2026-06-27 14:07:02 - 检查更新完成
2026-06-27 14:10:43 - <<<开始连接服务器检查更新>>>
2026-06-27 14:10:43 - 普通连接成功
2026-06-27 14:10:43 - 检查更新完成
2026-06-27 14:21:51 - <<<开始连接服务器检查更新>>>
2026-06-27 14:21:52 - 普通连接成功
2026-06-27 14:21:52 - 检查更新完成
2026-06-27 14:28:58 - <<<开始连接服务器检查更新>>>
2026-06-27 14:28:58 - 普通连接成功
2026-06-27 14:28:59 - 检查更新完成
2026-06-27 14:29:31 - <<<开始连接服务器检查更新>>>
2026-06-27 14:29:31 - 普通连接成功
2026-06-27 14:29:31 - 检查更新完成
2026-06-27 14:31:33 - <<<开始连接服务器检查更新>>>
2026-06-27 14:31:34 - 普通连接成功
2026-06-27 14:31:34 - 检查更新完成
2026-06-27 14:40:42 - <<<开始连接服务器检查更新>>>
2026-06-27 14:40:42 - 普通连接成功
2026-06-27 14:40:42 - 检查更新完成
2026-06-27 14:47:21 - <<<开始连接服务器检查更新>>>
2026-06-27 14:47:21 - 普通连接成功
2026-06-27 14:47:21 - 检查更新完成
2026-06-27 14:54:13 - <<<开始连接服务器检查更新>>>
2026-06-27 14:54:14 - 普通连接成功
2026-06-27 14:54:14 - 检查更新完成
2026-06-27 15:18:34 - <<<开始连接服务器检查更新>>>
2026-06-27 15:18:34 - 普通连接成功
2026-06-27 15:18:34 - 检查更新完成
2026-06-27 15:28:11 - <<<开始连接服务器检查更新>>>
2026-06-27 15:28:11 - 普通连接成功
2026-06-27 15:28:12 - 检查更新完成
2026-06-27 15:35:21 - <<<开始连接服务器检查更新>>>
2026-06-27 15:35:21 - 普通连接成功
2026-06-27 15:35:21 - 检查更新完成
2026-06-27 15:37:02 - <<<开始连接服务器检查更新>>>
2026-06-27 15:37:03 - 普通连接成功
2026-06-27 15:37:03 - 检查更新完成
2026-06-27 15:46:14 - <<<开始连接服务器检查更新>>>
2026-06-27 15:46:14 - 普通连接成功
2026-06-27 15:46:14 - 检查更新完成
2026-06-27 15:46:45 - <<<开始连接服务器检查更新>>>
2026-06-27 15:46:45 - 普通连接成功
2026-06-27 15:46:45 - 检查更新完成
2026-06-27 15:47:14 - <<<开始连接服务器检查更新>>>
2026-06-27 15:47:14 - 普通连接成功
2026-06-27 15:47:15 - 检查更新完成
2026-06-27 16:05:58 - <<<开始连接服务器检查更新>>>
2026-06-27 16:05:58 - 普通连接成功
2026-06-27 16:05:58 - 检查更新完成
2026-06-27 16:13:44 - <<<开始连接服务器检查更新>>>
2026-06-27 16:13:44 - 普通连接成功
2026-06-27 16:13:44 - 检查更新完成
2026-06-27 16:18:32 - <<<开始连接服务器检查更新>>>
2026-06-27 16:18:33 - 普通连接成功
2026-06-27 16:18:33 - 检查更新完成
2026-06-27 16:22:44 - <<<开始连接服务器检查更新>>>
2026-06-27 16:22:44 - 普通连接成功
2026-06-27 16:22:44 - 检查更新完成
2026-06-27 16:44:59 - <<<开始连接服务器检查更新>>>
2026-06-27 16:44:59 - 普通连接成功
2026-06-27 16:45:00 - 检查更新完成
2026-06-27 16:59:11 - <<<开始连接服务器检查更新>>>
2026-06-27 16:59:11 - 普通连接成功
2026-06-27 16:59:11 - 检查更新完成
2026-06-27 17:10:06 - <<<开始连接服务器检查更新>>>
2026-06-27 17:10:06 - 普通连接成功
2026-06-27 17:10:06 - 检查更新完成
2026-06-27 17:12:49 - <<<开始连接服务器检查更新>>>
2026-06-27 17:12:49 - 普通连接成功
2026-06-27 17:12:49 - 检查更新完成
2026-06-27 17:23:39 - <<<开始连接服务器检查更新>>>
2026-06-27 17:23:40 - 普通连接成功
2026-06-27 17:23:40 - 检查更新完成
2026-06-27 17:32:37 - <<<开始连接服务器检查更新>>>
2026-06-27 17:32:37 - 普通连接成功
2026-06-27 17:32:37 - 检查更新完成
2026-06-27 17:32:50 - <<<开始连接服务器检查更新>>>
2026-06-27 17:32:50 - 普通连接成功
2026-06-27 17:32:50 - 检查更新完成
2026-06-27 17:52:49 - <<<开始连接服务器检查更新>>>
2026-06-27 17:52:49 - 普通连接成功
2026-06-27 17:52:50 - 检查更新完成
2026-06-27 17:57:09 - <<<开始连接服务器检查更新>>>
2026-06-27 17:57:10 - 普通连接成功
2026-06-27 17:57:10 - 检查更新完成
2026-06-27 17:57:41 - <<<开始连接服务器检查更新>>>
2026-06-27 17:57:41 - 普通连接成功
2026-06-27 17:57:41 - 检查更新完成
2026-06-27 17:58:09 - <<<开始连接服务器检查更新>>>
2026-06-27 17:58:09 - 普通连接成功
2026-06-27 17:58:09 - 检查更新完成
2026-06-27 18:06:43 - <<<开始连接服务器检查更新>>>
2026-06-27 18:06:43 - 普通连接成功
2026-06-27 18:06:43 - 检查更新完成
2026-06-27 19:04:46 - <<<开始连接服务器检查更新>>>
2026-06-27 19:04:46 - 普通连接成功
2026-06-27 19:04:46 - 检查更新完成
2026-06-27 19:06:41 - <<<开始连接服务器检查更新>>>
2026-06-27 19:06:41 - 普通连接成功
2026-06-27 19:06:41 - 检查更新完成
2026-06-27 19:10:27 - <<<开始连接服务器检查更新>>>
2026-06-27 19:10:27 - 普通连接成功
2026-06-27 19:10:27 - 检查更新完成
2026-06-27 19:11:28 - <<<开始连接服务器检查更新>>>
2026-06-27 19:11:28 - 普通连接成功
2026-06-27 19:11:28 - 检查更新完成
2026-06-27 19:43:15 - <<<开始连接服务器检查更新>>>
2026-06-27 19:43:16 - 普通连接成功
2026-06-27 19:43:16 - 检查更新完成
2026-06-27 21:39:07 - <<<开始连接服务器检查更新>>>
2026-06-27 21:39:07 - 普通连接成功
2026-06-27 21:39:08 - 检查更新完成
2026-06-27 21:50:29 - <<<开始连接服务器检查更新>>>
2026-06-27 21:50:29 - 普通连接成功
2026-06-27 21:50:30 - 检查更新完成
2026-06-27 21:52:31 - <<<开始连接服务器检查更新>>>
2026-06-27 21:52:31 - 普通连接成功
2026-06-27 21:52:32 - 检查更新完成
2026-06-27 21:54:06 - <<<开始连接服务器检查更新>>>
2026-06-27 21:54:06 - 普通连接成功
2026-06-27 21:54:06 - 检查更新完成
2026-06-27 21:54:33 - <<<开始连接服务器检查更新>>>
2026-06-27 21:54:34 - 普通连接成功
2026-06-27 21:54:34 - 检查更新完成
2026-06-27 21:55:16 - <<<开始连接服务器检查更新>>>
2026-06-27 21:55:16 - 普通连接成功
2026-06-27 21:55:16 - 检查更新完成
2026-06-27 21:58:29 - <<<开始连接服务器检查更新>>>
2026-06-27 21:58:29 - 普通连接成功
2026-06-27 21:58:29 - 检查更新完成
2026-06-27 21:59:27 - <<<开始连接服务器检查更新>>>
2026-06-27 21:59:27 - 普通连接成功
2026-06-27 21:59:27 - 检查更新完成
2026-06-27 22:08:10 - <<<开始连接服务器检查更新>>>
2026-06-27 22:08:10 - 普通连接成功
2026-06-27 22:08:11 - 检查更新完成
2026-06-27 22:13:38 - <<<开始连接服务器检查更新>>>
2026-06-27 22:13:38 - 普通连接成功
2026-06-27 22:13:39 - 检查更新完成
2026-06-27 22:15:11 - <<<开始连接服务器检查更新>>>
2026-06-27 22:15:12 - 普通连接成功
2026-06-27 22:15:12 - 检查更新完成
2026-06-27 22:20:31 - <<<开始连接服务器检查更新>>>
2026-06-27 22:20:32 - 普通连接成功
2026-06-27 22:20:32 - 检查更新完成
2026-06-27 22:41:08 - <<<开始连接服务器检查更新>>>
2026-06-27 22:41:09 - 普通连接成功
2026-06-27 22:41:09 - 检查更新完成
2026-06-27 22:42:47 - <<<开始连接服务器检查更新>>>
2026-06-27 22:42:48 - 普通连接成功
2026-06-27 22:42:48 - 检查更新完成
2026-06-27 23:36:37 - <<<开始连接服务器检查更新>>>
2026-06-27 23:36:37 - 普通连接成功
2026-06-27 23:36:37 - 检查更新完成
2026-06-28 15:15:30 - <<<开始连接服务器检查更新>>>
2026-06-28 15:15:30 - 普通连接成功
2026-06-28 15:15:30 - 检查更新完成
2026-06-28 15:21:23 - <<<开始连接服务器检查更新>>>
2026-06-28 15:21:23 - 普通连接成功
2026-06-28 15:21:23 - 检查更新完成
2026-06-28 15:21:39 - <<<开始连接服务器检查更新>>>
2026-06-28 15:21:39 - 普通连接成功
2026-06-28 15:21:40 - 检查更新完成
2026-06-28 15:36:51 - <<<开始连接服务器检查更新>>>
2026-06-28 15:36:51 - 普通连接成功
2026-06-28 15:36:51 - 检查更新完成
2026-06-28 16:05:48 - <<<开始连接服务器检查更新>>>
2026-06-28 16:05:48 - 普通连接成功
2026-06-28 16:05:48 - 检查更新完成
2026-06-28 16:38:09 - <<<开始连接服务器检查更新>>>
2026-06-28 16:38:09 - 普通连接成功
2026-06-28 16:38:09 - 检查更新完成
2026-06-28 16:58:03 - <<<开始连接服务器检查更新>>>
2026-06-28 16:58:03 - 普通连接成功
2026-06-28 16:58:03 - 检查更新完成
2026-06-29 12:05:05 - <<<开始连接服务器检查更新>>>
2026-06-29 12:05:05 - 普通连接成功
2026-06-29 12:05:05 - 检查更新完成
2026-06-29 12:22:46 - <<<开始连接服务器检查更新>>>
2026-06-29 12:22:47 - 普通连接成功
2026-06-29 12:22:47 - 检查更新完成
2026-06-29 12:36:00 - <<<开始连接服务器检查更新>>>
2026-06-29 12:36:01 - 普通连接成功
2026-06-29 12:36:01 - 检查更新完成
2026-06-29 12:41:21 - <<<开始连接服务器检查更新>>>
2026-06-29 12:41:21 - 普通连接成功
2026-06-29 12:41:21 - 检查更新完成
2026-06-29 12:43:32 - <<<开始连接服务器检查更新>>>
2026-06-29 12:43:32 - 普通连接成功
2026-06-29 12:43:32 - 检查更新完成
2026-06-29 12:57:07 - <<<开始连接服务器检查更新>>>
2026-06-29 12:57:08 - 普通连接成功
2026-06-29 12:57:08 - 检查更新完成
2026-06-29 12:58:15 - <<<开始连接服务器检查更新>>>
2026-06-29 12:58:15 - 普通连接成功
2026-06-29 12:58:15 - 检查更新完成
2026-06-29 12:59:07 - <<<开始连接服务器检查更新>>>
2026-06-29 12:59:07 - 普通连接成功
2026-06-29 12:59:08 - 检查更新完成
2026-06-29 13:04:40 - <<<开始连接服务器检查更新>>>
2026-06-29 13:04:40 - 普通连接成功
2026-06-29 13:04:41 - 检查更新完成
2026-06-29 13:05:24 - <<<开始连接服务器检查更新>>>
2026-06-29 13:05:25 - 普通连接成功
2026-06-29 13:05:25 - 检查更新完成
2026-06-29 13:27:04 - <<<开始连接服务器检查更新>>>
2026-06-29 13:27:04 - 普通连接成功
2026-06-29 13:27:04 - 检查更新完成
2026-06-29 13:27:18 - <<<开始连接服务器检查更新>>>
2026-06-29 13:27:18 - 普通连接成功
2026-06-29 13:27:18 - 检查更新完成
2026-06-29 13:27:28 - <<<开始连接服务器检查更新>>>
2026-06-29 13:27:28 - 普通连接成功
2026-06-29 13:27:28 - 检查更新完成
2026-06-29 13:39:11 - <<<开始连接服务器检查更新>>>
2026-06-29 13:39:11 - 普通连接成功
2026-06-29 13:39:12 - 检查更新完成
2026-06-29 13:42:09 - <<<开始连接服务器检查更新>>>
2026-06-29 13:42:09 - 普通连接成功
2026-06-29 13:42:09 - 检查更新完成
2026-06-29 14:35:44 - <<<开始连接服务器检查更新>>>
2026-06-29 14:35:44 - 普通连接成功
2026-06-29 14:35:44 - 检查更新完成
2026-06-29 15:04:37 - <<<开始连接服务器检查更新>>>
2026-06-29 15:04:38 - 普通连接成功
2026-06-29 15:04:38 - 检查更新完成
2026-06-29 16:04:16 - <<<开始连接服务器检查更新>>>
2026-06-29 16:04:16 - 普通连接成功
2026-06-29 16:04:16 - 检查更新完成
2026-06-29 16:16:38 - <<<开始连接服务器检查更新>>>
2026-06-29 16:16:39 - 普通连接成功
2026-06-29 16:16:39 - 检查更新完成
2026-06-29 16:19:07 - <<<开始连接服务器检查更新>>>
2026-06-29 16:19:07 - 普通连接成功
2026-06-29 16:19:07 - 检查更新完成
2026-06-29 16:19:43 - <<<开始连接服务器检查更新>>>
2026-06-29 16:19:43 - 普通连接成功
2026-06-29 16:19:43 - 检查更新完成
2026-06-29 16:29:04 - <<<开始连接服务器检查更新>>>
2026-06-29 16:29:04 - 普通连接成功
2026-06-29 16:29:04 - 检查更新完成
2026-06-29 16:48:00 - <<<开始连接服务器检查更新>>>
2026-06-29 16:48:00 - 普通连接成功
2026-06-29 16:48:00 - 检查更新完成
2026-06-29 16:53:41 - <<<开始连接服务器检查更新>>>
2026-06-29 16:53:42 - 普通连接成功
2026-06-29 16:53:42 - 检查更新完成
2026-06-29 17:33:11 - <<<开始连接服务器检查更新>>>
2026-06-29 17:33:11 - 普通连接成功
2026-06-29 17:33:11 - 检查更新完成
2026-06-29 17:35:49 - <<<开始连接服务器检查更新>>>
2026-06-29 17:35:50 - 普通连接成功
2026-06-29 17:35:50 - 检查更新完成
2026-06-29 17:39:42 - <<<开始连接服务器检查更新>>>
2026-06-29 17:39:42 - 普通连接成功
2026-06-29 17:39:42 - 检查更新完成
2026-06-29 17:49:39 - <<<开始连接服务器检查更新>>>
2026-06-29 17:49:39 - 普通连接成功
2026-06-29 17:49:40 - 检查更新完成
2026-06-29 17:54:58 - <<<开始连接服务器检查更新>>>
2026-06-29 17:54:58 - 普通连接成功
2026-06-29 17:54:58 - 检查更新完成
2026-06-29 17:59:53 - <<<开始连接服务器检查更新>>>
2026-06-29 17:59:53 - 普通连接成功
2026-06-29 17:59:53 - 检查更新完成
2026-06-29 18:04:36 - <<<开始连接服务器检查更新>>>
2026-06-29 18:04:36 - 普通连接成功
2026-06-29 18:04:36 - 检查更新完成
2026-06-29 18:08:38 - <<<开始连接服务器检查更新>>>
2026-06-29 18:08:39 - 普通连接成功
2026-06-29 18:08:39 - 检查更新完成
2026-06-29 18:09:37 - <<<开始连接服务器检查更新>>>
2026-06-29 18:09:37 - 普通连接成功
2026-06-29 18:09:37 - 检查更新完成
2026-06-29 18:11:27 - <<<开始连接服务器检查更新>>>
2026-06-29 18:11:28 - 普通连接成功
2026-06-29 18:11:28 - 检查更新完成
2026-06-29 18:14:26 - <<<开始连接服务器检查更新>>>
2026-06-29 18:14:26 - 普通连接成功
2026-06-29 18:14:26 - 检查更新完成
2026-06-29 18:18:42 - <<<开始连接服务器检查更新>>>
2026-06-29 18:18:42 - 普通连接成功
2026-06-29 18:18:42 - 检查更新完成
2026-06-29 18:22:40 - <<<开始连接服务器检查更新>>>
2026-06-29 18:22:40 - 普通连接成功
2026-06-29 18:22:41 - 检查更新完成
2026-06-29 18:23:24 - <<<开始连接服务器检查更新>>>
2026-06-29 18:23:24 - 普通连接成功
2026-06-29 18:23:25 - 检查更新完成
2026-06-29 18:28:15 - <<<开始连接服务器检查更新>>>
2026-06-29 18:28:15 - 普通连接成功
2026-06-29 18:28:15 - 检查更新完成
2026-06-29 18:29:48 - <<<开始连接服务器检查更新>>>
2026-06-29 18:29:48 - 普通连接成功
2026-06-29 18:29:48 - 检查更新完成
2026-06-29 21:41:08 - <<<开始连接服务器检查更新>>>
2026-06-29 21:41:09 - 普通连接成功
2026-06-29 21:41:09 - 检查更新完成
2026-06-29 22:26:55 - <<<开始连接服务器检查更新>>>
2026-06-29 22:26:55 - 普通连接成功
2026-06-29 22:26:56 - 检查更新完成
2026-06-29 23:34:32 - <<<开始连接服务器检查更新>>>
2026-06-29 23:34:32 - 普通连接成功
2026-06-29 23:34:32 - 检查更新完成
2026-06-29 23:42:44 - <<<开始连接服务器检查更新>>>
2026-06-29 23:42:45 - 普通连接成功
2026-06-29 23:42:45 - 检查更新完成
2026-06-29 23:43:58 - <<<开始连接服务器检查更新>>>
2026-06-29 23:43:59 - 普通连接成功
2026-06-29 23:43:59 - 检查更新完成
2026-06-29 23:56:28 - <<<开始连接服务器检查更新>>>
2026-06-29 23:56:28 - 普通连接成功
2026-06-29 23:56:28 - 检查更新完成
2026-06-29 23:56:41 - <<<开始连接服务器检查更新>>>
2026-06-29 23:56:41 - 普通连接成功
2026-06-29 23:56:41 - 检查更新完成
2026-06-29 23:57:19 - <<<开始连接服务器检查更新>>>
2026-06-29 23:57:20 - 普通连接成功
2026-06-29 23:57:20 - 检查更新完成
2026-06-30 01:12:00 - <<<开始连接服务器检查更新>>>
2026-06-30 01:12:00 - 普通连接成功
2026-06-30 01:12:01 - 检查更新完成
2026-06-30 01:12:23 - <<<开始连接服务器检查更新>>>
2026-06-30 01:12:24 - 普通连接成功
2026-06-30 01:12:24 - 检查更新完成
2026-06-30 01:13:30 - <<<开始连接服务器检查更新>>>
2026-06-30 01:13:30 - 普通连接成功
2026-06-30 01:13:30 - 检查更新完成
2026-06-30 01:13:51 - <<<开始连接服务器检查更新>>>
2026-06-30 01:13:51 - 普通连接成功
2026-06-30 01:13:51 - 检查更新完成
2026-06-30 01:26:30 - <<<开始连接服务器检查更新>>>
2026-06-30 01:26:31 - 普通连接成功
2026-06-30 01:26:31 - 检查更新完成
2026-06-30 01:27:07 - <<<开始连接服务器检查更新>>>
2026-06-30 01:27:07 - 普通连接成功
2026-06-30 01:27:07 - 检查更新完成
2026-06-30 01:28:00 - <<<开始连接服务器检查更新>>>
2026-06-30 01:28:01 - 普通连接成功
2026-06-30 01:28:01 - 检查更新完成
2026-06-30 01:28:28 - <<<开始连接服务器检查更新>>>
2026-06-30 01:28:28 - 普通连接成功
2026-06-30 01:28:28 - 检查更新完成
2026-06-30 11:49:25 - <<<开始连接服务器检查更新>>>
2026-06-30 11:49:26 - 普通连接成功
2026-06-30 11:49:26 - 检查更新完成
2026-06-30 11:54:11 - <<<开始连接服务器检查更新>>>
2026-06-30 11:54:12 - 普通连接成功
2026-06-30 11:54:12 - 检查更新完成
2026-06-30 12:25:03 - <<<开始连接服务器检查更新>>>
2026-06-30 12:25:03 - 普通连接成功
2026-06-30 12:25:03 - 检查更新完成
2026-06-30 12:25:11 - <<<开始连接服务器检查更新>>>
2026-06-30 12:25:11 - 普通连接成功
2026-06-30 12:25:11 - 检查更新完成
2026-06-30 12:28:11 - <<<开始连接服务器检查更新>>>
2026-06-30 12:28:11 - 普通连接成功
2026-06-30 12:28:11 - 检查更新完成
2026-06-30 12:29:24 - <<<开始连接服务器检查更新>>>
2026-06-30 12:29:24 - 普通连接成功
2026-06-30 12:29:24 - 检查更新完成
2026-06-30 14:47:25 - <<<开始连接服务器检查更新>>>
2026-06-30 14:47:25 - 普通连接成功
2026-06-30 14:47:25 - 检查更新完成
2026-06-30 15:02:28 - <<<开始连接服务器检查更新>>>
2026-06-30 15:02:28 - 普通连接成功
2026-06-30 15:02:29 - 检查更新完成
2026-06-30 15:04:10 - <<<开始连接服务器检查更新>>>
2026-06-30 15:04:10 - 普通连接成功
2026-06-30 15:04:10 - 检查更新完成
2026-06-30 15:10:01 - <<<开始连接服务器检查更新>>>
2026-06-30 15:10:01 - 普通连接成功
2026-06-30 15:10:01 - 检查更新完成
2026-06-30 15:41:55 - <<<开始连接服务器检查更新>>>
2026-06-30 15:41:55 - 普通连接成功
2026-06-30 15:41:55 - 检查更新完成
2026-06-30 17:33:31 - <<<开始连接服务器检查更新>>>
2026-06-30 17:33:31 - 普通连接成功
2026-06-30 17:33:32 - 检查更新完成
2026-06-30 17:52:51 - <<<开始连接服务器检查更新>>>
2026-06-30 17:52:51 - 普通连接成功
2026-06-30 17:52:51 - 检查更新完成
2026-06-30 18:12:31 - <<<开始连接服务器检查更新>>>
2026-06-30 18:12:31 - 普通连接成功
2026-06-30 18:12:32 - 检查更新完成
2026-06-30 18:29:06 - <<<开始连接服务器检查更新>>>
2026-06-30 18:29:06 - 普通连接成功
2026-06-30 18:29:06 - 检查更新完成
2026-06-30 18:31:17 - <<<开始连接服务器检查更新>>>
2026-06-30 18:31:18 - 普通连接成功
2026-06-30 18:31:18 - 检查更新完成
2026-06-30 18:35:06 - <<<开始连接服务器检查更新>>>
2026-06-30 18:35:06 - 普通连接成功
2026-06-30 18:35:07 - 检查更新完成
2026-06-30 22:18:23 - <<<开始连接服务器检查更新>>>
2026-06-30 22:18:23 - 普通连接成功
2026-06-30 22:18:23 - 检查更新完成
2026-06-30 22:26:14 - <<<开始连接服务器检查更新>>>
2026-06-30 22:26:14 - 普通连接成功
2026-06-30 22:26:14 - 检查更新完成
2026-06-30 22:34:12 - <<<开始连接服务器检查更新>>>
2026-06-30 22:34:12 - 普通连接成功
2026-06-30 22:34:12 - 检查更新完成
2026-06-30 22:34:31 - <<<开始连接服务器检查更新>>>
2026-06-30 22:34:31 - 普通连接成功
2026-06-30 22:34:31 - 检查更新完成
2026-06-30 22:36:30 - <<<开始连接服务器检查更新>>>
2026-06-30 22:36:30 - 普通连接成功
2026-06-30 22:36:30 - 检查更新完成
2026-06-30 22:36:40 - <<<开始连接服务器检查更新>>>
2026-06-30 22:36:41 - 普通连接成功
2026-06-30 22:36:41 - 检查更新完成
2026-07-01 11:27:13 - <<<开始连接服务器检查更新>>>
2026-07-01 11:27:13 - 普通连接成功
2026-07-01 11:27:13 - 检查更新完成
2026-07-01 12:24:39 - <<<开始连接服务器检查更新>>>
2026-07-01 12:24:40 - 普通连接成功
2026-07-01 12:24:40 - 检查更新完成
2026-07-01 12:32:58 - <<<开始连接服务器检查更新>>>
2026-07-01 12:32:58 - 普通连接成功
2026-07-01 12:32:59 - 检查更新完成
2026-07-01 12:37:32 - <<<开始连接服务器检查更新>>>
2026-07-01 12:37:32 - 普通连接成功
2026-07-01 12:37:32 - 检查更新完成
2026-07-01 14:05:12 - <<<开始连接服务器检查更新>>>
2026-07-01 14:05:12 - 普通连接成功
2026-07-01 14:05:12 - 检查更新完成
2026-07-01 14:05:42 - <<<开始连接服务器检查更新>>>
2026-07-01 14:05:43 - 普通连接成功
2026-07-01 14:05:43 - 检查更新完成
2026-07-01 14:16:52 - <<<开始连接服务器检查更新>>>
2026-07-01 14:16:52 - 普通连接成功
2026-07-01 14:16:52 - 检查更新完成
2026-07-01 14:29:05 - <<<开始连接服务器检查更新>>>
2026-07-01 14:29:05 - 普通连接成功
2026-07-01 14:29:05 - 检查更新完成
2026-07-01 14:34:09 - <<<开始连接服务器检查更新>>>
2026-07-01 14:34:09 - 普通连接成功
2026-07-01 14:34:10 - 检查更新完成
2026-07-01 14:35:46 - <<<开始连接服务器检查更新>>>
2026-07-01 14:35:46 - 普通连接成功
2026-07-01 14:35:47 - 检查更新完成
2026-07-01 14:39:45 - <<<开始连接服务器检查更新>>>
2026-07-01 14:39:45 - 普通连接成功
2026-07-01 14:39:45 - 检查更新完成
2026-07-01 14:39:55 - <<<开始连接服务器检查更新>>>
2026-07-01 14:39:55 - 普通连接成功
2026-07-01 14:39:55 - 检查更新完成
2026-07-01 14:41:44 - <<<开始连接服务器检查更新>>>
2026-07-01 14:41:44 - 普通连接成功
2026-07-01 14:41:45 - 检查更新完成
2026-07-01 14:42:07 - <<<开始连接服务器检查更新>>>
2026-07-01 14:42:07 - 普通连接成功
2026-07-01 14:42:07 - 检查更新完成
2026-07-01 15:00:39 - <<<开始连接服务器检查更新>>>
2026-07-01 15:00:39 - 普通连接成功
2026-07-01 15:00:39 - 检查更新完成
2026-07-01 15:02:38 - <<<开始连接服务器检查更新>>>
2026-07-01 15:02:38 - 普通连接成功
2026-07-01 15:02:39 - 检查更新完成
2026-07-01 15:04:21 - <<<开始连接服务器检查更新>>>
2026-07-01 15:04:21 - 普通连接成功
2026-07-01 15:04:21 - 检查更新完成
2026-07-01 15:04:30 - <<<开始连接服务器检查更新>>>
2026-07-01 15:04:31 - 普通连接成功
2026-07-01 15:04:31 - 检查更新完成
2026-07-01 15:07:51 - <<<开始连接服务器检查更新>>>
2026-07-01 15:07:51 - 普通连接成功
2026-07-01 15:07:52 - 检查更新完成
2026-07-01 15:08:12 - <<<开始连接服务器检查更新>>>
2026-07-01 15:08:12 - 普通连接成功
2026-07-01 15:08:12 - 检查更新完成
2026-07-01 16:56:08 - <<<开始连接服务器检查更新>>>
2026-07-01 16:56:08 - 普通连接成功
2026-07-01 16:56:08 - 检查更新完成
2026-07-01 16:56:29 - <<<开始连接服务器检查更新>>>
2026-07-01 16:56:29 - 普通连接成功
2026-07-01 16:56:30 - 检查更新完成
2026-07-01 17:12:58 - <<<开始连接服务器检查更新>>>
2026-07-01 17:12:58 - 普通连接成功
2026-07-01 17:12:58 - 检查更新完成
2026-07-01 17:44:36 - <<<开始连接服务器检查更新>>>
2026-07-01 17:44:36 - 普通连接成功
2026-07-01 17:44:36 - 检查更新完成
2026-07-01 17:46:26 - <<<开始连接服务器检查更新>>>
2026-07-01 17:46:26 - 普通连接成功
2026-07-01 17:46:27 - 检查更新完成
2026-07-01 21:52:17 - <<<开始连接服务器检查更新>>>
2026-07-01 21:52:18 - 普通连接成功
2026-07-01 21:52:18 - 检查更新完成
2026-07-01 21:58:21 - <<<开始连接服务器检查更新>>>
2026-07-01 21:58:21 - 普通连接成功
2026-07-01 21:58:21 - 检查更新完成
2026-07-01 23:10:31 - <<<开始连接服务器检查更新>>>
2026-07-01 23:10:31 - 普通连接成功
2026-07-01 23:10:31 - 检查更新完成
2026-07-01 23:14:44 - <<<开始连接服务器检查更新>>>
2026-07-01 23:14:44 - 普通连接成功
2026-07-01 23:14:44 - 检查更新完成
2026-07-01 23:15:14 - <<<开始连接服务器检查更新>>>
2026-07-01 23:15:14 - 普通连接成功
2026-07-01 23:15:14 - 检查更新完成
2026-07-01 23:16:37 - <<<开始连接服务器检查更新>>>
2026-07-01 23:16:38 - 普通连接成功
2026-07-01 23:16:38 - 检查更新完成
2026-07-01 23:17:20 - <<<开始连接服务器检查更新>>>
2026-07-01 23:17:21 - 普通连接成功
2026-07-01 23:17:21 - 检查更新完成
2026-07-01 23:17:21 - <<<开始连接服务器检查更新>>>
2026-07-01 23:17:22 - 普通连接成功
2026-07-01 23:17:22 - 检查更新完成
2026-07-01 23:18:19 - <<<开始连接服务器检查更新>>>
2026-07-01 23:18:19 - 普通连接成功
2026-07-01 23:18:19 - 检查更新完成
2026-07-01 23:18:24 - <<<开始连接服务器检查更新>>>
2026-07-01 23:18:24 - 普通连接成功
2026-07-01 23:18:25 - 检查更新完成
2026-07-01 23:53:30 - <<<开始连接服务器检查更新>>>
2026-07-01 23:53:30 - 普通连接成功
2026-07-01 23:53:30 - 检查更新完成
2026-07-01 23:53:31 - <<<开始连接服务器检查更新>>>
2026-07-01 23:53:32 - 普通连接成功
2026-07-01 23:53:32 - 检查更新完成
2026-07-02 00:10:54 - <<<开始连接服务器检查更新>>>
2026-07-02 00:10:54 - 普通连接失败,尝试加密连接...
2026-07-02 00:13:04 - <<<开始连接服务器检查更新>>>
2026-07-02 00:13:04 - 普通连接失败,尝试加密连接...
2026-07-02 00:13:07 - <<<开始连接服务器检查更新>>>
2026-07-02 00:13:07 - 普通连接失败,尝试加密连接...
2026-07-02 11:01:58 - <<<开始连接服务器检查更新>>>
2026-07-02 11:01:58 - 普通连接成功
2026-07-02 11:01:59 - 检查更新完成
2026-07-02 11:02:06 - <<<开始连接服务器检查更新>>>
2026-07-02 11:02:06 - 普通连接成功
2026-07-02 11:02:06 - 检查更新完成
2026-07-02 17:46:54 - <<<开始连接服务器检查更新>>>
2026-07-02 17:46:54 - 普通连接成功
2026-07-02 17:46:54 - 检查更新完成
2026-07-02 18:35:19 - <<<开始连接服务器检查更新>>>
2026-07-02 18:35:19 - 普通连接成功
2026-07-02 18:35:20 - 检查更新完成
2026-07-03 23:33:01 - <<<开始连接服务器检查更新>>>
2026-07-03 23:33:01 - 普通连接成功
2026-07-03 23:33:01 - 检查更新完成
2026-07-04 00:48:31 - <<<开始连接服务器检查更新>>>
2026-07-04 00:48:32 - 普通连接成功
2026-07-04 00:49:00 - <<<开始连接服务器检查更新>>>
2026-07-04 00:49:00 - 普通连接成功
2026-07-04 00:49:00 - 检查更新完成
2026-07-04 00:49:00 - <<<开始连接服务器检查更新>>>
2026-07-04 00:49:00 - 普通连接成功
2026-07-04 00:49:06 - <<<开始连接服务器检查更新>>>
2026-07-04 00:49:07 - 普通连接成功
2026-07-04 00:49:07 - 检查更新完成
2026-07-04 00:49:24 - <<<开始连接服务器检查更新>>>
2026-07-04 00:49:24 - 普通连接成功
2026-07-04 00:49:24 - 检查更新完成
2026-07-05 00:12:16 - <<<开始连接服务器检查更新>>>
2026-07-05 00:12:17 - 普通连接成功
2026-07-05 00:12:17 - 检查更新完成
2026-07-05 00:12:26 - <<<开始连接服务器检查更新>>>
2026-07-05 00:12:26 - 普通连接成功
2026-07-05 00:12:27 - 检查更新完成
2026-07-05 00:44:33 - <<<开始连接服务器检查更新>>>
2026-07-05 00:44:34 - 普通连接成功
2026-07-05 00:44:34 - 检查更新完成
2026-07-05 00:58:55 - <<<开始连接服务器检查更新>>>
2026-07-05 00:58:55 - 普通连接成功
2026-07-05 00:58:56 - 检查更新完成
2026-07-05 01:28:21 - <<<开始连接服务器检查更新>>>
2026-07-05 01:28:22 - 普通连接成功
2026-07-05 01:28:22 - 检查更新完成
2026-07-05 01:32:33 - <<<开始连接服务器检查更新>>>
2026-07-05 01:32:33 - 普通连接成功
2026-07-05 01:32:33 - 检查更新完成
2026-07-05 01:35:44 - <<<开始连接服务器检查更新>>>
2026-07-05 01:35:45 - 普通连接成功
2026-07-05 01:35:45 - 检查更新完成
2026-07-05 01:41:54 - <<<开始连接服务器检查更新>>>
2026-07-05 01:41:55 - 普通连接成功
2026-07-05 01:41:55 - 检查更新完成
2026-07-05 01:42:19 - <<<开始连接服务器检查更新>>>
2026-07-05 01:42:19 - 普通连接成功
2026-07-05 01:42:19 - 检查更新完成
2026-07-05 01:42:19 - <<<开始连接服务器检查更新>>>
2026-07-05 01:42:20 - 普通连接成功
2026-07-05 01:42:20 - 检查更新完成
2026-07-05 12:17:03 - <<<开始连接服务器检查更新>>>
2026-07-05 12:17:03 - 普通连接成功
2026-07-05 12:17:03 - 检查更新完成
2026-07-05 12:45:51 - <<<开始连接服务器检查更新>>>
2026-07-05 12:45:51 - 普通连接成功
2026-07-05 12:45:51 - 检查更新完成
2026-07-05 12:46:02 - <<<开始连接服务器检查更新>>>
2026-07-05 12:46:02 - 普通连接成功
2026-07-05 12:46:02 - 检查更新完成
2026-07-05 13:15:06 - <<<开始连接服务器检查更新>>>
2026-07-05 13:15:06 - 普通连接成功
2026-07-05 13:15:06 - 检查更新完成
2026-07-05 13:15:07 - <<<开始连接服务器检查更新>>>
2026-07-05 13:15:07 - 普通连接成功
2026-07-05 13:15:07 - 检查更新完成
2026-07-05 22:02:55 - <<<开始连接服务器检查更新>>>
2026-07-05 22:02:55 - 普通连接成功
2026-07-05 22:02:55 - 检查更新完成
2026-07-05 22:03:02 - <<<开始连接服务器检查更新>>>
2026-07-05 22:03:02 - 普通连接成功
2026-07-05 22:03:02 - 检查更新完成
2026-07-05 22:09:49 - <<<开始连接服务器检查更新>>>
2026-07-05 22:09:49 - 普通连接成功
2026-07-05 22:09:50 - 检查更新完成
2026-07-05 22:11:34 - <<<开始连接服务器检查更新>>>
2026-07-05 22:11:34 - 普通连接成功
2026-07-05 22:11:34 - 检查更新完成
2026-07-05 22:29:42 - <<<开始连接服务器检查更新>>>
2026-07-05 22:29:42 - 普通连接成功
2026-07-05 22:29:42 - 检查更新完成
2026-07-05 22:45:17 - <<<开始连接服务器检查更新>>>
2026-07-05 22:45:17 - 普通连接成功
2026-07-05 22:45:18 - 检查更新完成
2026-07-05 22:46:39 - <<<开始连接服务器检查更新>>>
2026-07-05 22:46:39 - 普通连接成功
2026-07-05 22:46:39 - 检查更新完成
2026-07-05 23:04:18 - <<<开始连接服务器检查更新>>>
2026-07-05 23:04:19 - 普通连接成功
2026-07-05 23:04:19 - 检查更新完成
2026-07-05 23:13:27 - <<<开始连接服务器检查更新>>>
2026-07-05 23:13:27 - 普通连接成功
2026-07-05 23:13:27 - 检查更新完成
2026-07-05 23:13:28 - <<<开始连接服务器检查更新>>>
2026-07-05 23:13:28 - 普通连接成功
2026-07-05 23:13:28 - 检查更新完成
2026-07-05 23:14:07 - <<<开始连接服务器检查更新>>>
2026-07-05 23:14:07 - 普通连接成功
2026-07-05 23:14:08 - 检查更新完成
2026-07-05 23:22:52 - <<<开始连接服务器检查更新>>>
2026-07-05 23:22:52 - 普通连接成功
2026-07-05 23:22:52 - 检查更新完成
2026-07-06 13:20:18 - <<<开始连接服务器检查更新>>>
2026-07-06 13:20:18 - 普通连接成功
2026-07-06 13:20:18 - 检查更新完成
2026-07-06 13:23:55 - <<<开始连接服务器检查更新>>>
2026-07-06 13:23:55 - 普通连接成功
2026-07-06 13:23:55 - 检查更新完成
2026-07-06 13:58:28 - <<<开始连接服务器检查更新>>>
2026-07-06 13:58:28 - 普通连接成功
2026-07-06 13:58:28 - 检查更新完成
2026-07-06 14:06:29 - <<<开始连接服务器检查更新>>>
2026-07-06 14:06:30 - 普通连接成功
2026-07-06 14:06:30 - 检查更新完成
2026-07-06 14:07:22 - <<<开始连接服务器检查更新>>>
2026-07-06 14:07:22 - 普通连接成功
2026-07-06 14:07:22 - 检查更新完成
2026-07-06 14:10:26 - <<<开始连接服务器检查更新>>>
2026-07-06 14:10:27 - 普通连接成功
2026-07-06 14:10:27 - 检查更新完成
2026-07-06 14:31:24 - <<<开始连接服务器检查更新>>>
2026-07-06 14:31:25 - 普通连接成功
2026-07-06 14:31:25 - 检查更新完成
2026-07-06 14:35:18 - <<<开始连接服务器检查更新>>>
2026-07-06 14:35:19 - 普通连接成功
2026-07-06 14:35:19 - 检查更新完成
2026-07-06 14:56:08 - <<<开始连接服务器检查更新>>>
2026-07-06 14:56:08 - 普通连接成功
2026-07-06 14:56:08 - 检查更新完成
2026-07-06 15:14:08 - <<<开始连接服务器检查更新>>>
2026-07-06 15:14:08 - 普通连接成功
2026-07-06 15:14:08 - 检查更新完成
2026-07-06 15:14:13 - <<<开始连接服务器检查更新>>>
2026-07-06 15:14:13 - 普通连接成功
2026-07-06 15:14:13 - 检查更新完成
2026-07-06 17:49:10 - <<<开始连接服务器检查更新>>>
2026-07-06 17:49:11 - 普通连接成功
2026-07-06 17:49:11 - 检查更新完成
2026-07-06 21:17:02 - <<<开始连接服务器检查更新>>>
2026-07-06 21:17:02 - 普通连接成功
2026-07-06 21:17:02 - 检查更新完成
2026-07-06 21:17:55 - <<<开始连接服务器检查更新>>>
2026-07-06 21:17:55 - 普通连接成功
2026-07-06 21:17:55 - 检查更新完成
2026-07-06 22:28:48 - <<<开始连接服务器检查更新>>>
2026-07-06 22:28:48 - 普通连接成功
2026-07-06 22:28:48 - 检查更新完成
2026-07-06 23:00:58 - <<<开始连接服务器检查更新>>>
2026-07-06 23:00:59 - 普通连接成功
2026-07-06 23:00:59 - 检查更新完成
2026-07-06 23:29:35 - <<<开始连接服务器检查更新>>>
2026-07-06 23:29:35 - 普通连接成功
2026-07-06 23:29:35 - 检查更新完成
2026-07-06 23:35:10 - <<<开始连接服务器检查更新>>>
2026-07-06 23:35:10 - 普通连接成功
2026-07-06 23:35:10 - 检查更新完成
2026-07-06 23:40:18 - <<<开始连接服务器检查更新>>>
2026-07-06 23:40:18 - 普通连接成功
2026-07-06 23:40:18 - 检查更新完成
2026-07-10 23:54:50 - <<<开始连接服务器检查更新>>>
2026-07-10 23:54:50 - 普通连接成功
2026-07-10 23:54:50 - 检查更新完成
2026-07-10 23:55:51 - <<<开始连接服务器检查更新>>>
2026-07-10 23:55:51 - 普通连接成功
2026-07-10 23:55:51 - 检查更新完成
2026-07-11 00:00:12 - <<<开始连接服务器检查更新>>>
2026-07-11 00:00:12 - 普通连接成功
2026-07-11 00:00:12 - 检查更新完成
2026-07-11 00:00:24 - <<<开始连接服务器检查更新>>>
2026-07-11 00:00:24 - 普通连接成功
2026-07-11 00:00:30 - <<<开始连接服务器检查更新>>>
2026-07-11 00:00:30 - 普通连接成功
2026-07-11 00:00:30 - 检查更新完成
2026-07-11 00:00:54 - <<<开始连接服务器检查更新>>>
2026-07-11 00:00:55 - 普通连接成功
2026-07-11 00:00:55 - 检查更新完成
2026-07-11 00:01:29 - <<<开始连接服务器检查更新>>>
2026-07-11 00:01:29 - 普通连接成功
2026-07-11 00:01:29 - 检查更新完成
2026-07-11 00:37:23 - <<<开始连接服务器检查更新>>>
2026-07-11 00:37:23 - 普通连接成功
2026-07-11 00:37:23 - 检查更新完成
2026-07-11 12:45:56 - <<<开始连接服务器检查更新>>>
2026-07-11 12:45:57 - 普通连接成功
2026-07-11 12:45:57 - 检查更新完成
2026-07-11 19:19:37 - <<<开始连接服务器检查更新>>>
2026-07-11 19:19:37 - 普通连接成功
2026-07-11 19:19:37 - 检查更新完成
2026-07-11 19:22:18 - <<<开始连接服务器检查更新>>>
2026-07-11 19:22:19 - 普通连接成功
2026-07-11 19:22:24 - <<<开始连接服务器检查更新>>>
2026-07-11 19:22:25 - 普通连接成功
2026-07-11 19:22:25 - 检查更新完成
2026-07-11 19:22:38 - <<<开始连接服务器检查更新>>>
2026-07-11 19:22:39 - 普通连接成功
2026-07-11 19:22:39 - 检查更新完成
2026-07-11 19:22:43 - <<<开始连接服务器检查更新>>>
2026-07-11 19:22:43 - 普通连接成功
2026-07-11 19:22:43 - 检查更新完成
2026-07-11 19:23:25 - <<<开始连接服务器检查更新>>>
2026-07-11 19:23:26 - 普通连接成功
2026-07-11 19:23:26 - 检查更新完成
2026-07-11 19:24:09 - <<<开始连接服务器检查更新>>>
2026-07-11 19:24:09 - 普通连接成功
2026-07-11 19:24:10 - 检查更新完成
2026-07-11 20:41:54 - <<<开始连接服务器检查更新>>>
2026-07-11 20:41:54 - 普通连接成功
2026-07-11 20:41:54 - 检查更新完成
2026-07-11 21:01:44 - <<<开始连接服务器检查更新>>>
2026-07-11 21:01:44 - 普通连接成功
2026-07-11 21:01:44 - 检查更新完成
2026-07-11 21:01:47 - <<<开始连接服务器检查更新>>>
2026-07-11 21:01:47 - 普通连接成功
2026-07-11 21:01:47 - 检查更新完成
2026-07-12 15:11:13 - <<<开始连接服务器检查更新>>>
2026-07-12 15:11:13 - 普通连接成功
2026-07-12 15:11:13 - 检查更新完成
2026-07-12 15:11:26 - <<<开始连接服务器检查更新>>>
2026-07-12 15:11:26 - 普通连接成功
2026-07-12 15:11:26 - 检查更新完成
2026-07-12 23:26:32 - <<<开始连接服务器检查更新>>>
2026-07-12 23:26:33 - 普通连接成功
2026-07-12 23:26:33 - 检查更新完成
2026-07-16 00:44:36 - <<<开始连接服务器检查更新>>>
2026-07-16 00:44:36 - <<<开始连接服务器检查更新>>>
2026-07-16 00:44:36 - 普通连接成功
2026-07-16 00:44:36 - 检查更新完成
2026-07-16 00:44:36 - 检查更新完成
2026-07-16 00:44:47 - <<<开始连接服务器检查更新>>>
2026-07-16 00:44:47 - 普通连接成功
2026-07-16 00:45:23 - <<<开始连接服务器检查更新>>>
2026-07-16 00:45:23 - 普通连接成功
2026-07-16 00:45:23 - 检查更新完成
2026-07-16 00:45:38 - <<<开始连接服务器检查更新>>>
2026-07-16 00:45:38 - 普通连接成功
2026-07-16 00:45:38 - 检查更新完成
2026-07-16 00:51:04 - <<<开始连接服务器检查更新>>>
2026-07-16 00:51:05 - 普通连接成功
2026-07-16 00:51:05 - 检查更新完成
2026-07-16 00:51:29 - <<<开始连接服务器检查更新>>>
2026-07-16 00:51:30 - 普通连接成功
2026-07-16 00:51:36 - <<<开始连接服务器检查更新>>>
2026-07-16 00:51:36 - 普通连接成功
2026-07-16 00:51:36 - 检查更新完成
2026-07-16 00:51:52 - <<<开始连接服务器检查更新>>>
2026-07-16 00:51:52 - 普通连接成功
2026-07-16 00:51:52 - 检查更新完成
2026-07-16 00:52:15 - <<<开始连接服务器检查更新>>>
2026-07-16 00:52:15 - 普通连接成功
2026-07-16 00:52:15 - 检查更新完成
2026-07-16 00:54:08 - <<<开始连接服务器检查更新>>>
2026-07-16 00:54:08 - 普通连接成功
2026-07-16 00:54:08 - 检查更新完成
2026-07-16 00:56:20 - <<<开始连接服务器检查更新>>>
2026-07-16 00:56:20 - 普通连接成功
2026-07-16 00:56:20 - 检查更新完成
2026-07-16 00:57:37 - <<<开始连接服务器检查更新>>>
2026-07-16 00:57:38 - 普通连接成功
2026-07-16 00:57:38 - 检查更新完成
2026-07-16 00:57:51 - <<<开始连接服务器检查更新>>>
2026-07-16 00:57:51 - 普通连接成功
2026-07-16 00:57:51 - 检查更新完成
2026-07-16 00:58:22 - <<<开始连接服务器检查更新>>>
2026-07-16 00:58:22 - 普通连接成功
2026-07-16 00:58:22 - 检查更新完成
2026-07-16 01:00:40 - <<<开始连接服务器检查更新>>>
2026-07-16 01:00:41 - 普通连接成功
2026-07-16 01:00:41 - 检查更新完成
2026-07-18 01:13:57 - <<<开始连接服务器检查更新>>>
2026-07-18 01:13:57 - 普通连接成功
2026-07-18 01:13:58 - 检查更新完成
2026-07-18 01:19:54 - <<<开始连接服务器检查更新>>>
2026-07-18 01:19:54 - 普通连接成功
2026-07-18 01:19:54 - 检查更新完成
2026-07-18 01:23:47 - <<<开始连接服务器检查更新>>>
2026-07-18 01:23:47 - 普通连接成功
2026-07-18 01:23:47 - 检查更新完成
2026-07-18 01:24:00 - <<<开始连接服务器检查更新>>>
2026-07-18 01:24:00 - 普通连接成功
2026-07-18 01:24:00 - 检查更新完成
2026-07-18 09:44:19 - <<<开始连接服务器检查更新>>>
2026-07-18 09:44:19 - 普通连接成功
2026-07-18 09:44:20 - 检查更新完成
2026-07-18 09:45:38 - <<<开始连接服务器检查更新>>>
2026-07-18 09:45:38 - 普通连接成功
2026-07-18 09:45:38 - 检查更新完成
2026-07-18 16:34:31 - <<<开始连接服务器检查更新>>>
2026-07-18 16:34:32 - 普通连接成功
2026-07-18 16:34:32 - 检查更新完成
2026-07-18 16:38:39 - <<<开始连接服务器检查更新>>>
2026-07-18 16:38:39 - 普通连接成功
2026-07-18 16:38:39 - 检查更新完成
2026-07-18 16:38:53 - <<<开始连接服务器检查更新>>>
2026-07-18 16:38:54 - 普通连接成功
2026-07-18 16:38:54 - 检查更新完成
2026-07-18 16:39:08 - <<<开始连接服务器检查更新>>>
2026-07-18 16:39:08 - 普通连接成功
2026-07-18 16:39:08 - 检查更新完成
2026-07-18 16:39:35 - <<<开始连接服务器检查更新>>>
2026-07-18 16:39:35 - 普通连接成功
2026-07-18 16:39:35 - 检查更新完成
2026-07-18 16:41:44 - <<<开始连接服务器检查更新>>>
2026-07-18 16:41:44 - 普通连接成功
2026-07-18 16:41:44 - 检查更新完成
2026-07-18 16:56:06 - <<<开始连接服务器检查更新>>>
2026-07-18 16:56:07 - 普通连接成功
2026-07-18 16:56:07 - 检查更新完成
2026-07-21 01:08:55 - <<<开始连接服务器检查更新>>>
2026-07-21 01:08:55 - 普通连接成功
2026-07-21 01:08:55 - 检查更新完成
2026-07-22 14:26:14 - <<<开始连接服务器检查更新>>>
2026-07-22 14:26:14 - 普通连接成功
2026-07-22 14:26:14 - 检查更新完成
2026-07-22 14:28:19 - <<<开始连接服务器检查更新>>>
2026-07-22 14:28:19 - 普通连接成功
2026-07-22 14:28:19 - 检查更新完成
2026-07-22 14:30:39 - <<<开始连接服务器检查更新>>>
2026-07-22 14:30:39 - 普通连接成功
2026-07-22 14:30:40 - 检查更新完成
2026-07-22 14:31:01 - <<<开始连接服务器检查更新>>>
2026-07-22 14:31:01 - 普通连接成功
2026-07-22 14:31:01 - 检查更新完成
2026-07-22 22:51:37 - <<<开始连接服务器检查更新>>>
2026-07-22 22:51:37 - 普通连接成功
2026-07-22 22:51:37 - 检查更新完成
2026-07-22 22:52:31 - <<<开始连接服务器检查更新>>>
2026-07-22 22:52:31 - 普通连接成功
2026-07-22 22:52:32 - <<<开始连接服务器检查更新>>>
2026-07-22 22:52:32 - 普通连接成功
2026-07-22 22:52:32 - 检查更新完成
2026-07-22 22:52:48 - <<<开始连接服务器检查更新>>>
2026-07-22 22:52:49 - 普通连接成功
2026-07-22 22:52:49 - 检查更新完成
2026-07-23 13:24:02 - <<<开始连接服务器检查更新>>>
2026-07-23 13:24:02 - 普通连接成功
2026-07-23 13:24:02 - 检查更新完成
2026-07-23 13:32:11 - <<<开始连接服务器检查更新>>>
2026-07-23 13:32:11 - 普通连接成功
2026-07-23 13:32:11 - 检查更新完成
